<?xml version="1.0" encoding="UTF-8"?>
<!-- Generated by org.testng.reporters.JUnitXMLReporter -->
<testsuite ignored="2" hostname="WINDOWS-5RLB6OD" failures="0" tests="1" name="Default test" time="14.571" errors="0" timestamp="2024-03-04T14:53:15 IST">
  <testcase classname="com.trinity.PropertiesTestCases" name="VerifyLastNameIsrequiredUsingPOM" time="3.506"/>
  <testcase classname="com.trinity.PropertiesTestCases" name="verifyLastNameFieldIsRequiredOrNot" time="0.0">
    <ignored/>
  </testcase> <!-- verifyLastNameFieldIsRequiredOrNot -->
  <testcase classname="com.trinity.PropertiesTestCases" name="verifyLastNameFieldIsRequired" time="0.0">
    <ignored/>
  </testcase> <!-- verifyLastNameFieldIsRequired -->
</testsuite> <!-- Default test -->
